<?xml version="1.0" encoding="UTF-8"?>
<testng-results skipped="0" failed="0" ignored="0" total="1" passed="1">
  <reporter-output>
  </reporter-output>
  <suite name="Suite" duration-ms="8910" started-at="2019-08-23T15:16:36Z" finished-at="2019-08-23T15:16:45Z">
    <groups>
    </groups>
    <test name="Test" duration-ms="8910" started-at="2019-08-23T15:16:36Z" finished-at="2019-08-23T15:16:45Z">
      <class name="Testscripts.invokebrowser">
        <test-method status="PASS" signature="test()[pri:0, instance:Testscripts.invokebrowser@1f70c54]" name="test" duration-ms="6516" started-at="2019-08-23T15:16:36Z" finished-at="2019-08-23T15:16:43Z">
          <reporter-output>
          </reporter-output>
        </test-method> <!-- test -->
        <test-method status="PASS" signature="test1()[pri:0, instance:Testscripts.invokebrowser@1f70c54]" name="test1" is-config="true" duration-ms="2377" started-at="2019-08-23T15:16:43Z" finished-at="2019-08-23T15:16:45Z">
          <reporter-output>
          </reporter-output>
        </test-method> <!-- test1 -->
      </class> <!-- Testscripts.invokebrowser -->
    </test> <!-- Test -->
  </suite> <!-- Suite -->
</testng-results>
