<?xml version="1.0" encoding="UTF-8"?>
<testng-results skipped="0" failed="0" ignored="0" total="1" passed="1">
  <reporter-output>
  </reporter-output>
  <suite name="Suite" duration-ms="7368" started-at="2019-11-18T18:12:47Z" finished-at="2019-11-18T18:12:54Z">
    <groups>
    </groups>
    <test name="Test" duration-ms="7368" started-at="2019-11-18T18:12:47Z" finished-at="2019-11-18T18:12:54Z">
      <class name="Testscripts.invokebrowser">
        <test-method status="PASS" signature="html()[pri:0, instance:Testscripts.invokebrowser@1dc03ce]" name="html" is-config="true" duration-ms="184" started-at="2019-11-18T18:12:46Z" finished-at="2019-11-18T18:12:47Z">
          <reporter-output>
          </reporter-output>
        </test-method> <!-- html -->
        <test-method status="PASS" signature="test()[pri:0, instance:Testscripts.invokebrowser@1dc03ce]" name="test" duration-ms="5026" started-at="2019-11-18T18:12:47Z" finished-at="2019-11-18T18:12:52Z">
          <reporter-output>
          </reporter-output>
        </test-method> <!-- test -->
        <test-method status="PASS" signature="test321(org.testng.ITestResult)[pri:0, instance:Testscripts.invokebrowser@1dc03ce]" name="test321" is-config="true" duration-ms="4" started-at="2019-11-18T18:12:52Z" finished-at="2019-11-18T18:12:52Z">
          <params>
            <param index="0">
              <value>
                <![CDATA[[TestResult name=test status=SUCCESS method=invokebrowser.test()[pri:0, instance:Testscripts.invokebrowser@1dc03ce] output={null}]]]>
              </value>
            </param>
          </params>
          <reporter-output>
          </reporter-output>
        </test-method> <!-- test321 -->
        <test-method status="PASS" signature="test1()[pri:0, instance:Testscripts.invokebrowser@1dc03ce]" name="test1" is-config="true" duration-ms="2318" started-at="2019-11-18T18:12:52Z" finished-at="2019-11-18T18:12:54Z">
          <reporter-output>
          </reporter-output>
        </test-method> <!-- test1 -->
        <test-method status="PASS" signature="test321()[pri:0, instance:Testscripts.invokebrowser@1dc03ce]" name="test321" is-config="true" duration-ms="349" started-at="2019-11-18T18:12:54Z" finished-at="2019-11-18T18:12:54Z">
          <reporter-output>
          </reporter-output>
        </test-method> <!-- test321 -->
      </class> <!-- Testscripts.invokebrowser -->
    </test> <!-- Test -->
  </suite> <!-- Suite -->
</testng-results>
