<?xml version="1.0" encoding="UTF-8"?>
<testng-results skipped="0" failed="0" ignored="0" total="1" passed="1">
  <reporter-output>
  </reporter-output>
  <suite name="Suite" duration-ms="12830" started-at="2019-08-23T16:23:24Z" finished-at="2019-08-23T16:23:36Z">
    <groups>
    </groups>
    <test name="Test" duration-ms="12830" started-at="2019-08-23T16:23:24Z" finished-at="2019-08-23T16:23:36Z">
      <class name="Testscripts.orangehrm">
        <test-method status="PASS" signature="test2()[pri:0, instance:Testscripts.orangehrm@1e88b3c]" name="test2" duration-ms="12783" started-at="2019-08-23T16:23:24Z" finished-at="2019-08-23T16:23:36Z">
          <reporter-output>
          </reporter-output>
        </test-method> <!-- test2 -->
      </class> <!-- Testscripts.orangehrm -->
    </test> <!-- Test -->
  </suite> <!-- Suite -->
</testng-results>
