<?xml version="1.0" encoding="UTF-8"?>
<testng-results skipped="0" failed="0" ignored="0" total="1" passed="1">
  <reporter-output>
  </reporter-output>
  <suite name="Suite" duration-ms="9581" started-at="2019-08-23T15:12:29Z" finished-at="2019-08-23T15:12:38Z">
    <groups>
    </groups>
    <test name="Test" duration-ms="9581" started-at="2019-08-23T15:12:29Z" finished-at="2019-08-23T15:12:38Z">
      <class name="Testscripts.invokebrowser">
        <test-method status="PASS" signature="test()[pri:0, instance:Testscripts.invokebrowser@93dd95]" name="test" duration-ms="7228" started-at="2019-08-23T15:12:29Z" finished-at="2019-08-23T15:12:36Z">
          <reporter-output>
          </reporter-output>
        </test-method> <!-- test -->
        <test-method status="PASS" signature="test1()[pri:0, instance:Testscripts.invokebrowser@93dd95]" name="test1" is-config="true" duration-ms="2314" started-at="2019-08-23T15:12:36Z" finished-at="2019-08-23T15:12:38Z">
          <reporter-output>
          </reporter-output>
        </test-method> <!-- test1 -->
      </class> <!-- Testscripts.invokebrowser -->
    </test> <!-- Test -->
  </suite> <!-- Suite -->
</testng-results>
